Arguments: 
  C:\Program Files\nodejs\node.exe C:\Program Files (x86)\Yarn\bin\yarn.js install

PATH: 
  C:\Python\Python36\Scripts\;C:\Python\Python36\;C:\ProgramData\Oracle\Java\javapath;C:\Program Files (x86)\Intel\iCLS Client\;C:\Program Files\Intel\iCLS Client\;C:\WINDOWS\system32;C:\WINDOWS;C:\WINDOWS\System32\Wbem;C:\WINDOWS\System32\WindowsPowerShell\v1.0\;C:\Program Files (x86)\Intel\Intel(R) Management Engine Components\DAL;C:\Program Files\Intel\Intel(R) Management Engine Components\DAL;C:\Program Files (x86)\Intel\Intel(R) Management Engine Components\IPT;C:\Program Files\Intel\Intel(R) Management Engine Components\IPT;C:\Program Files\Git\cmd;C:\Program Files (x86)\sbt\bin;C:\Program Files (x86)\Skype\Phone\;C:\Program Files\PuTTY\;C:\Program Files\Microsoft SQL Server\110\Tools\Binn\;C:\Program Files (x86)\Yarn\bin;C:\Users\jll\AppData\Roaming\nvm;C:\Program Files\nodejs;C:\Users\jll\AppData\Local\Microsoft\WindowsApps;C:\Program Files (x86)\Microsoft VS Code\bin;C:\Program Files\PostgreSQL\9.6\bin;C:\Users\jll\AppData\Local\Yarn\bin;C:\Users\jll\AppData\Roaming\nvm;C:\Program Files\nodejs

Yarn version: 
  0.27.5

Node version: 
  8.4.0

Platform: 
  win32 x64

npm manifest: 
  {
      "name": "whose-flag",
      "version": "1.0.0",
      "description": "A simple game that lets users guess a flag&#39;s country, in Polymer 3",
      "main": "index.html",
      "repository": "https://github.com/jlengrand/polymer-summit-whose-flag-polymer-3",
      "flat": true,
      "author": "Julien Lengrand-Lambert <julien@lengrand.fr>",
      "license": "MIT",
      "dependencies": {
        "@polymer/iron-ajax": "next",        
        "@polymer/polymer": "next"
      }
    }

yarn manifest: 
  No manifest

Lockfile: 
  # THIS IS AN AUTOGENERATED FILE. DO NOT EDIT THIS FILE DIRECTLY.
  # yarn lockfile v1
  
  
  "@polymer/polymer@next":
    version "3.0.0-pre.1"
    resolved "https://registry.yarnpkg.com/@polymer/polymer/-/polymer-3.0.0-pre.1.tgz#9fc26b5259aad9265f324ced02de715991d2eabe"
    dependencies:
      "@webcomponents/shadycss" "^1.0.0"
      "@webcomponents/webcomponentsjs" "^1.0.0"
  
  "@webcomponents/shadycss@^1.0.0":
    version "1.0.5"
    resolved "https://registry.yarnpkg.com/@webcomponents/shadycss/-/shadycss-1.0.5.tgz#ff8537dd06c46f33eccee082cdecd9507bf39f56"
  
  "@webcomponents/webcomponentsjs@^1.0.0":
    version "1.0.8"
    resolved "https://registry.yarnpkg.com/@webcomponents/webcomponentsjs/-/webcomponentsjs-1.0.8.tgz#de43375ebb491a2348abfc3ae8bc0fb1be6f0eeb"

Trace: 
  Error: connect ETIMEDOUT 104.16.62.173:443
      at Object._errnoException (util.js:1041:11)
      at _exceptionWithHostPort (util.js:1064:20)
      at TCPConnectWrap.afterConnect [as oncomplete] (net.js:1153:14)
